systemd-+-ModemManager---2*[{ModemManager}]
        |-NetworkManager---2*[{NetworkManager}]
        |-VGAuthService
        |-accounts-daemon---2*[{accounts-daemon}]
        |-acpid
        |-avahi-daemon---avahi-daemon
        |-bluetoothd
        |-colord---2*[{colord}]
        |-cron
        |-cups-browsed---2*[{cups-browsed}]
        |-cupsd
        |-dbus-daemon
        |-gdm3-+-gdm-session-wor-+-gdm-wayland-ses-+-gnome-session-b---2*[{gnome-session-b}]
        |      |                 |                 `-2*[{gdm-wayland-ses}]
        |      |                 `-2*[{gdm-session-wor}]
        |      `-2*[{gdm3}]
        |-gnome-keyring-d-+-ssh-agent
        |                 `-3*[{gnome-keyring-d}]
        |-irqbalance---{irqbalance}
        |-2*[kerneloops]
        |-networkd-dispat
        |-packagekitd---2*[{packagekitd}]
        |-polkitd---2*[{polkitd}]
        |-power-profiles----2*[{power-profiles-}]
        |-rsyslogd---3*[{rsyslogd}]
        |-rtkit-daemon---2*[{rtkit-daemon}]
        |-snapd---15*[{snapd}]
        |-switcheroo-cont---2*[{switcheroo-cont}]
        |-systemd-+-(sd-pam)
        |         |-at-spi2-registr---2*[{at-spi2-registr}]
        |         |-chrome_crashpad---2*[{chrome_crashpad}]
        |         |-chrome_crashpad---{chrome_crashpad}
        |         |-dbus-daemon
        |         |-dconf-service---2*[{dconf-service}]
        |         |-evolution-addre---5*[{evolution-addre}]
        |         |-evolution-calen---8*[{evolution-calen}]
        |         |-evolution-sourc---3*[{evolution-sourc}]
        |         |-2*[gjs---6*[{gjs}]]
        |         |-gnome-session-b-+-at-spi-bus-laun-+-dbus-daemon
        |         |                 |                 `-3*[{at-spi-bus-laun}]
        |         |                 |-evolution-alarm---5*[{evolution-alarm}]
        |         |                 |-gsd-disk-utilit---2*[{gsd-disk-utilit}]
        |         |                 |-jetbrains-toolb---34*[{jetbrains-toolb}]
        |         |                 `-3*[{gnome-session-b}]
        |         |-gnome-session-c---{gnome-session-c}
        |         |-gnome-shell-+-Xwayland
        |         |             |-chrome-+-2*[cat]
        |         |             |        |-chrome---chrome---18*[{chrome}]
        |         |             |        |-chrome-+-chrome-+-chrome---6*[{chrome}]
        |         |             |        |        |        |-chrome---9*[{chrome}]
        |         |             |        |        |        |-3*[chrome---8*[{chrome}]]
        |         |             |        |        |        |-chrome---10*[{chrome}]
        |         |             |        |        |        `-chrome---11*[{chrome}]
        |         |             |        |        `-nacl_helper
        |         |             |        |-chrome---8*[{chrome}]
        |         |             |        |-chrome---7*[{chrome}]
        |         |             |        `-35*[{chrome}]
        |         |             |-gjs---7*[{gjs}]
        |         |             `-10*[{gnome-shell}]
        |         |-gnome-shell-cal---5*[{gnome-shell-cal}]
        |         |-gnome-terminal--+-bash---pstree
        |         |                 `-3*[{gnome-terminal-}]
        |         |-goa-daemon---3*[{goa-daemon}]
        |         |-goa-identity-se---2*[{goa-identity-se}]
        |         |-gsd-a11y-settin---3*[{gsd-a11y-settin}]
        |         |-gsd-color---3*[{gsd-color}]
        |         |-gsd-datetime---3*[{gsd-datetime}]
        |         |-gsd-housekeepin---3*[{gsd-housekeepin}]
        |         |-gsd-keyboard---3*[{gsd-keyboard}]
        |         |-gsd-media-keys---3*[{gsd-media-keys}]
        |         |-gsd-power---3*[{gsd-power}]
        |         |-gsd-print-notif---2*[{gsd-print-notif}]
        |         |-gsd-printer---2*[{gsd-printer}]
        |         |-gsd-rfkill---2*[{gsd-rfkill}]
        |         |-gsd-screensaver---2*[{gsd-screensaver}]
        |         |-gsd-sharing---3*[{gsd-sharing}]
        |         |-gsd-smartcard---3*[{gsd-smartcard}]
        |         |-gsd-sound---3*[{gsd-sound}]
        |         |-gsd-wacom---3*[{gsd-wacom}]
        |         |-gsd-xsettings---3*[{gsd-xsettings}]
        |         |-gvfs-afc-volume---3*[{gvfs-afc-volume}]
        |         |-gvfs-goa-volume---2*[{gvfs-goa-volume}]
        |         |-gvfs-gphoto2-vo---2*[{gvfs-gphoto2-vo}]
        |         |-gvfs-mtp-volume---2*[{gvfs-mtp-volume}]
        |         |-gvfs-udisks2-vo---3*[{gvfs-udisks2-vo}]
        |         |-gvfsd-+-gvfsd-dnssd---2*[{gvfsd-dnssd}]
        |         |       |-gvfsd-network---3*[{gvfsd-network}]
        |         |       |-gvfsd-trash---2*[{gvfsd-trash}]
        |         |       `-2*[{gvfsd}]
        |         |-gvfsd-fuse---5*[{gvfsd-fuse}]
        |         |-gvfsd-metadata---2*[{gvfsd-metadata}]
        |         |-ibus-portal---2*[{ibus-portal}]
        |         |-ibus-x11---2*[{ibus-x11}]
        |         |-jetbrains-toolb---{jetbrains-toolb}
        |         |-pipewire---{pipewire}
        |         |-pipewire-media----{pipewire-media-}
        |         |-pulseaudio---3*[{pulseaudio}]
        |         |-sh---ibus-daemon-+-ibus-dconf---3*[{ibus-dconf}]
        |         |                  |-ibus-engine-lib---3*[{ibus-engine-lib}]
        |         |                  |-ibus-engine-sim---2*[{ibus-engine-sim}]
        |         |                  |-ibus-extension----3*[{ibus-extension-}]
        |         |                  `-2*[{ibus-daemon}]
        |         |-snapd-desktop-i---snapd-desktop-i---3*[{snapd-desktop-i}]
        |         |-tracker-miner-f---5*[{tracker-miner-f}]
        |         |-vmtoolsd---3*[{vmtoolsd}]
        |         |-xdg-desktop-por---5*[{xdg-desktop-por}]
        |         |-2*[xdg-desktop-por---3*[{xdg-desktop-por}]]
        |         |-xdg-document-po-+-fusermount3
        |         |                 `-5*[{xdg-document-po}]
        |         `-xdg-permission----2*[{xdg-permission-}]
        |-systemd-journal
        |-systemd-logind
        |-systemd-oomd
        |-systemd-resolve
        |-systemd-timesyn---{systemd-timesyn}
        |-systemd-udevd
        |-udisksd---4*[{udisksd}]
        |-unattended-upgr---{unattended-upgr}
        |-upowerd---2*[{upowerd}]
        |-vmtoolsd---3*[{vmtoolsd}]
        |-vmware-vmblock----3*[{vmware-vmblock-}]
        `-wpa_supplicant
