execve("./cpp.out", ["./cpp.out"], 0x7ffeb8eefc80 /* 61 vars */) = 0
brk(NULL)                               = 0x5584f32d4000
arch_prctl(0x3001 /* ARCH_??? */, 0x7ffdd66eaf10) = -1 EINVAL (无效的参数)
mmap(NULL, 8192, PROT_READ|PROT_WRITE, MAP_PRIVATE|MAP_ANONYMOUS, -1, 0) = 0x7f845edd6000
access("/etc/ld.so.preload", R_OK)      = -1 ENOENT (没有那个文件或目录)
openat(AT_FDCWD, "/etc/ld.so.cache", O_RDONLY|O_CLOEXEC) = 3
newfstatat(3, "", {st_mode=S_IFREG|0644, st_size=71371, ...}, AT_EMPTY_PATH) = 0
mmap(NULL, 71371, PROT_READ, MAP_PRIVATE, 3, 0) = 0x7f845edc4000
close(3)                                = 0
openat(AT_FDCWD, "/lib/x86_64-linux-gnu/libstdc++.so.6", O_RDONLY|O_CLOEXEC) = 3
read(3, "\177ELF\2\1\1\3\0\0\0\0\0\0\0\0\3\0>\0\1\0\0\0\0\0\0\0\0\0\0\0"..., 832) = 832
newfstatat(3, "", {st_mode=S_IFREG|0644, st_size=2252096, ...}, AT_EMPTY_PATH) = 0
mmap(NULL, 2267328, PROT_READ, MAP_PRIVATE|MAP_DENYWRITE, 3, 0) = 0x7f845ea00000
mmap(0x7f845ea9a000, 1114112, PROT_READ|PROT_EXEC, MAP_PRIVATE|MAP_FIXED|MAP_DENYWRITE, 3, 0x9a000) = 0x7f845ea9a000
mmap(0x7f845ebaa000, 454656, PROT_READ, MAP_PRIVATE|MAP_FIXED|MAP_DENYWRITE, 3, 0x1aa000) = 0x7f845ebaa000
mmap(0x7f845ec19000, 57344, PROT_READ|PROT_WRITE, MAP_PRIVATE|MAP_FIXED|MAP_DENYWRITE, 3, 0x218000) = 0x7f845ec19000
mmap(0x7f845ec27000, 10432, PROT_READ|PROT_WRITE, MAP_PRIVATE|MAP_FIXED|MAP_ANONYMOUS, -1, 0) = 0x7f845ec27000
close(3)                                = 0
openat(AT_FDCWD, "/lib/x86_64-linux-gnu/libc.so.6", O_RDONLY|O_CLOEXEC) = 3
read(3, "\177ELF\2\1\1\3\0\0\0\0\0\0\0\0\3\0>\0\1\0\0\0P\237\2\0\0\0\0\0"..., 832) = 832
pread64(3, "\6\0\0\0\4\0\0\0@\0\0\0\0\0\0\0@\0\0\0\0\0\0\0@\0\0\0\0\0\0\0"..., 784, 64) = 784
pread64(3, "\4\0\0\0 \0\0\0\5\0\0\0GNU\0\2\0\0\300\4\0\0\0\3\0\0\0\0\0\0\0"..., 48, 848) = 48
pread64(3, "\4\0\0\0\24\0\0\0\3\0\0\0GNU\0i8\235HZ\227\223\333\350s\360\352,\223\340."..., 68, 896) = 68
newfstatat(3, "", {st_mode=S_IFREG|0644, st_size=2216304, ...}, AT_EMPTY_PATH) = 0
pread64(3, "\6\0\0\0\4\0\0\0@\0\0\0\0\0\0\0@\0\0\0\0\0\0\0@\0\0\0\0\0\0\0"..., 784, 64) = 784
mmap(NULL, 2260560, PROT_READ, MAP_PRIVATE|MAP_DENYWRITE, 3, 0) = 0x7f845e600000
mmap(0x7f845e628000, 1658880, PROT_READ|PROT_EXEC, MAP_PRIVATE|MAP_FIXED|MAP_DENYWRITE, 3, 0x28000) = 0x7f845e628000
mmap(0x7f845e7bd000, 360448, PROT_READ, MAP_PRIVATE|MAP_FIXED|MAP_DENYWRITE, 3, 0x1bd000) = 0x7f845e7bd000
mmap(0x7f845e815000, 24576, PROT_READ|PROT_WRITE, MAP_PRIVATE|MAP_FIXED|MAP_DENYWRITE, 3, 0x214000) = 0x7f845e815000
mmap(0x7f845e81b000, 52816, PROT_READ|PROT_WRITE, MAP_PRIVATE|MAP_FIXED|MAP_ANONYMOUS, -1, 0) = 0x7f845e81b000
close(3)                                = 0
openat(AT_FDCWD, "/lib/x86_64-linux-gnu/libm.so.6", O_RDONLY|O_CLOEXEC) = 3
read(3, "\177ELF\2\1\1\3\0\0\0\0\0\0\0\0\3\0>\0\1\0\0\0\0\0\0\0\0\0\0\0"..., 832) = 832
newfstatat(3, "", {st_mode=S_IFREG|0644, st_size=940560, ...}, AT_EMPTY_PATH) = 0
mmap(NULL, 942344, PROT_READ, MAP_PRIVATE|MAP_DENYWRITE, 3, 0) = 0x7f845ecdd000
mmap(0x7f845eceb000, 507904, PROT_READ|PROT_EXEC, MAP_PRIVATE|MAP_FIXED|MAP_DENYWRITE, 3, 0xe000) = 0x7f845eceb000
mmap(0x7f845ed67000, 372736, PROT_READ, MAP_PRIVATE|MAP_FIXED|MAP_DENYWRITE, 3, 0x8a000) = 0x7f845ed67000
mmap(0x7f845edc2000, 8192, PROT_READ|PROT_WRITE, MAP_PRIVATE|MAP_FIXED|MAP_DENYWRITE, 3, 0xe4000) = 0x7f845edc2000
close(3)                                = 0
openat(AT_FDCWD, "/lib/x86_64-linux-gnu/libgcc_s.so.1", O_RDONLY|O_CLOEXEC) = 3
read(3, "\177ELF\2\1\1\0\0\0\0\0\0\0\0\0\3\0>\0\1\0\0\0\0\0\0\0\0\0\0\0"..., 832) = 832
newfstatat(3, "", {st_mode=S_IFREG|0644, st_size=125488, ...}, AT_EMPTY_PATH) = 0
mmap(NULL, 127720, PROT_READ, MAP_PRIVATE|MAP_DENYWRITE, 3, 0) = 0x7f845ecbd000
mmap(0x7f845ecc0000, 94208, PROT_READ|PROT_EXEC, MAP_PRIVATE|MAP_FIXED|MAP_DENYWRITE, 3, 0x3000) = 0x7f845ecc0000
mmap(0x7f845ecd7000, 16384, PROT_READ, MAP_PRIVATE|MAP_FIXED|MAP_DENYWRITE, 3, 0x1a000) = 0x7f845ecd7000
mmap(0x7f845ecdb000, 8192, PROT_READ|PROT_WRITE, MAP_PRIVATE|MAP_FIXED|MAP_DENYWRITE, 3, 0x1d000) = 0x7f845ecdb000
close(3)                                = 0
mmap(NULL, 8192, PROT_READ|PROT_WRITE, MAP_PRIVATE|MAP_ANONYMOUS, -1, 0) = 0x7f845ecbb000
mmap(NULL, 12288, PROT_READ|PROT_WRITE, MAP_PRIVATE|MAP_ANONYMOUS, -1, 0) = 0x7f845ecb8000
arch_prctl(ARCH_SET_FS, 0x7f845ecb8740) = 0
set_tid_address(0x7f845ecb8a10)         = 24698
set_robust_list(0x7f845ecb8a20, 24)     = 0
rseq(0x7f845ecb90e0, 0x20, 0, 0x53053053) = 0
mprotect(0x7f845e815000, 16384, PROT_READ) = 0
mprotect(0x7f845ecdb000, 4096, PROT_READ) = 0
mprotect(0x7f845edc2000, 4096, PROT_READ) = 0
mprotect(0x7f845ec19000, 45056, PROT_READ) = 0
mprotect(0x5584f30db000, 4096, PROT_READ) = 0
mprotect(0x7f845ee10000, 8192, PROT_READ) = 0
prlimit64(0, RLIMIT_STACK, NULL, {rlim_cur=8192*1024, rlim_max=RLIM64_INFINITY}) = 0
munmap(0x7f845edc4000, 71371)           = 0
getrandom("\xf9\x11\x50\x43\x8e\xc2\x40\x3f", 8, GRND_NONBLOCK) = 8
brk(NULL)                               = 0x5584f32d4000
brk(0x5584f32f5000)                     = 0x5584f32f5000
futex(0x7f845ec2777c, FUTEX_WAKE_PRIVATE, 2147483647) = 0
newfstatat(1, "", {st_mode=S_IFCHR|0620, st_rdev=makedev(0x88, 0x1), ...}, AT_EMPTY_PATH) = 0
write(1, "hello world!\n", 13)          = 13
exit_group(0)                           = ?
+++ exited with 0 +++
