wong@wong-virtual-machine:~/Linux_System_Program/1-2-1-3.multi-core-scheduling$ taskset -c 0,1 ./a.out 20 1000 10
SCHED_OTHER = 0
SCHED_FIFO = 1
SCHED_RR = 2
Begin ==> estimate work load per slice...
End ==> g_load_per_slice = 17849800
nproc = 1 begin
total = 1000
slice = 10
./1-0-proc.log : 616 ms
nproc = 1 end --> 616ms
nproc = 2 begin
total = 1000
slice = 10
./2-1-proc.log : 632 ms
./2-0-proc.log : 681 ms
nproc = 2 end --> 681ms
nproc = 3 begin
total = 1000
slice = 10
./3-0-proc.log : 643 ms
./3-1-proc.log : 881 ms
./3-2-proc.log : 1080 ms
nproc = 3 end --> 1080ms
nproc = 4 begin
total = 1000
slice = 10
./4-0-proc.log : 630 ms
./4-1-proc.log : 1106 ms
./4-2-proc.log : 1176 ms
./4-3-proc.log : 1415 ms
nproc = 4 end --> 1416ms
nproc = 5 begin
total = 1000
slice = 10
./5-0-proc.log : 650 ms
./5-4-proc.log : 1288 ms
./5-1-proc.log : 1537 ms
./5-2-proc.log : 1594 ms
./5-3-proc.log : 1689 ms
nproc = 5 end --> 1690ms
nproc = 6 begin
total = 1000
slice = 10
./6-0-proc.log : 631 ms
./6-4-proc.log : 1310 ms
./6-3-proc.log : 1727 ms
./6-1-proc.log : 1733 ms
./6-2-proc.log : 1949 ms
./6-5-proc.log : 1964 ms
nproc = 6 end --> 1964ms
nproc = 7 begin
total = 1000
slice = 10
./7-0-proc.log : 631 ms
./7-4-proc.log : 1325 ms
./7-3-proc.log : 1792 ms
./7-1-proc.log : 2024 ms
./7-5-proc.log : 2231 ms
./7-2-proc.log : 2310 ms
./7-6-proc.log : 2362 ms
nproc = 7 end --> 2363ms
nproc = 8 begin
total = 1000
slice = 10
./8-0-proc.log : 676 ms
./8-4-proc.log : 1312 ms
./8-1-proc.log : 1760 ms
./8-5-proc.log : 2164 ms
./8-2-proc.log : 2426 ms
./8-3-proc.log : 2565 ms
./8-6-proc.log : 2599 ms
./8-7-proc.log : 2782 ms
nproc = 8 end --> 2782ms
nproc = 9 begin
total = 1000
slice = 10
./9-0-proc.log : 686 ms
./9-4-proc.log : 1318 ms
./9-8-proc.log : 2002 ms
./9-5-proc.log : 2410 ms
./9-1-proc.log : 2660 ms
./9-2-proc.log : 2787 ms
./9-3-proc.log : 2853 ms
./9-6-proc.log : 2921 ms
./9-7-proc.log : 3051 ms
nproc = 9 end --> 3052ms
nproc = 10 begin
total = 1000
slice = 10
./10-0-proc.log : 703 ms
./10-8-proc.log : 1353 ms
./10-4-proc.log : 1912 ms
./10-9-proc.log : 2444 ms
./10-3-proc.log : 2895 ms
./10-7-proc.log : 3166 ms
./10-1-proc.log : 3220 ms
./10-5-proc.log : 3313 ms
./10-2-proc.log : 3327 ms
./10-6-proc.log : 3345 ms
nproc = 10 end --> 3346ms
nproc = 11 begin
total = 1000
slice = 10
./11-0-proc.log : 690 ms
./11-5-proc.log : 1383 ms
./11-9-proc.log : 2013 ms
./11-3-proc.log : 2494 ms
./11-7-proc.log : 2973 ms
./11-1-proc.log : 3212 ms
./11-2-proc.log : 3372 ms
./11-4-proc.log : 3422 ms
./11-6-proc.log : 3552 ms
./11-8-proc.log : 3658 ms
./11-10-proc.log : 3756 ms
nproc = 11 end --> 3757ms
nproc = 12 begin
total = 1000
slice = 10
./12-0-proc.log : 705 ms
./12-4-proc.log : 1349 ms
./12-8-proc.log : 2020 ms
./12-1-proc.log : 2513 ms
./12-5-proc.log : 2914 ms
./12-9-proc.log : 3317 ms
./12-2-proc.log : 3533 ms
./12-3-proc.log : 3670 ms
./12-6-proc.log : 3741 ms
./12-7-proc.log : 3867 ms
./12-10-proc.log : 3981 ms
./12-11-proc.log : 4053 ms
nproc = 12 end --> 4054ms
nproc = 13 begin
total = 1000
slice = 10
./13-0-proc.log : 670 ms
./13-4-proc.log : 1312 ms
./13-8-proc.log : 2003 ms
./13-12-proc.log : 2690 ms
./13-3-proc.log : 3101 ms
./13-7-proc.log : 3614 ms
./13-1-proc.log : 3835 ms
./13-2-proc.log : 3960 ms
./13-11-proc.log : 4044 ms
./13-5-proc.log : 4124 ms
./13-6-proc.log : 4201 ms
./13-9-proc.log : 4281 ms
./13-10-proc.log : 4420 ms
nproc = 13 end --> 4421ms
nproc = 14 begin
total = 1000
slice = 10
./14-0-proc.log : 634 ms
./14-4-proc.log : 1333 ms
./14-8-proc.log : 2018 ms
./14-11-proc.log : 2668 ms
./14-3-proc.log : 3140 ms
./14-7-proc.log : 3572 ms
./14-12-proc.log : 4107 ms
./14-1-proc.log : 4243 ms
./14-2-proc.log : 4289 ms
./14-5-proc.log : 4336 ms
./14-6-proc.log : 4448 ms
./14-9-proc.log : 4493 ms
./14-10-proc.log : 4610 ms
./14-13-proc.log : 4688 ms
nproc = 14 end --> 4688ms
nproc = 15 begin
total = 1000
slice = 10
./15-0-proc.log : 688 ms
./15-6-proc.log : 1368 ms
./15-10-proc.log : 2005 ms
./15-14-proc.log : 2695 ms
./15-4-proc.log : 3157 ms
./15-8-proc.log : 3709 ms
./15-13-proc.log : 4134 ms
./15-2-proc.log : 4430 ms
./15-7-proc.log : 4572 ms
./15-11-proc.log : 4791 ms
./15-9-proc.log : 4829 ms
./15-1-proc.log : 4863 ms
./15-3-proc.log : 4912 ms
./15-5-proc.log : 4995 ms
./15-12-proc.log : 4997 ms
nproc = 15 end --> 4997ms
nproc = 16 begin
total = 1000
slice = 10
./16-0-proc.log : 688 ms
./16-5-proc.log : 1386 ms
./16-9-proc.log : 2022 ms
./16-13-proc.log : 2709 ms
./16-3-proc.log : 3118 ms
./16-6-proc.log : 3567 ms
./16-10-proc.log : 3983 ms
./16-14-proc.log : 4465 ms
./16-2-proc.log : 4728 ms
./16-7-proc.log : 4940 ms
./16-11-proc.log : 5182 ms
./16-1-proc.log : 5202 ms
./16-4-proc.log : 5289 ms
./16-8-proc.log : 5314 ms
./16-12-proc.log : 5348 ms
./16-15-proc.log : 5406 ms
nproc = 16 end --> 5406ms
nproc = 17 begin
total = 1000
slice = 10
./17-0-proc.log : 628 ms
./17-4-proc.log : 1324 ms
./17-8-proc.log : 2000 ms
./17-12-proc.log : 2635 ms
./17-16-proc.log : 3313 ms
./17-3-proc.log : 3728 ms
./17-7-proc.log : 4188 ms
./17-11-proc.log : 4617 ms
./17-1-proc.log : 4939 ms
./17-15-proc.log : 5065 ms
./17-2-proc.log : 5106 ms
./17-5-proc.log : 5221 ms
./17-6-proc.log : 5269 ms
./17-9-proc.log : 5397 ms
./17-10-proc.log : 5450 ms
./17-14-proc.log : 5595 ms
./17-13-proc.log : 5602 ms
nproc = 17 end --> 5602ms
nproc = 18 begin
total = 1000
slice = 10
./18-0-proc.log : 700 ms
./18-4-proc.log : 1382 ms
./18-8-proc.log : 2016 ms
./18-12-proc.log : 2689 ms
./18-16-proc.log : 3377 ms
./18-3-proc.log : 3786 ms
./18-7-proc.log : 4272 ms
./18-11-proc.log : 4664 ms
./18-14-proc.log : 5100 ms
./18-1-proc.log : 5294 ms
./18-2-proc.log : 5356 ms
./18-6-proc.log : 5536 ms
./18-5-proc.log : 5540 ms
./18-9-proc.log : 5695 ms
./18-10-proc.log : 5740 ms
./18-13-proc.log : 5868 ms
./18-15-proc.log : 5958 ms
./18-17-proc.log : 6033 ms
nproc = 18 end --> 6033ms
nproc = 19 begin
total = 1000
slice = 10
./19-0-proc.log : 675 ms
./19-4-proc.log : 1352 ms
./19-8-proc.log : 1982 ms
./19-12-proc.log : 2668 ms
./19-16-proc.log : 3354 ms
./19-2-proc.log : 3724 ms
./19-5-proc.log : 4143 ms
./19-9-proc.log : 4591 ms
./19-13-proc.log : 4984 ms
./19-15-proc.log : 5461 ms
./19-1-proc.log : 5612 ms
./19-7-proc.log : 5802 ms
./19-14-proc.log : 5993 ms
./19-17-proc.log : 6054 ms
./19-3-proc.log : 6129 ms
./19-6-proc.log : 6163 ms
./19-10-proc.log : 6275 ms
./19-11-proc.log : 6316 ms
./19-18-proc.log : 6364 ms
nproc = 19 end --> 6364ms
nproc = 20 begin
total = 1000
slice = 10
./20-0-proc.log : 645 ms
./20-4-proc.log : 1325 ms
./20-8-proc.log : 2014 ms
./20-12-proc.log : 2646 ms
./20-16-proc.log : 3329 ms
./20-19-proc.log : 4018 ms
./20-5-proc.log : 4437 ms
./20-9-proc.log : 4872 ms
./20-13-proc.log : 5264 ms
./20-17-proc.log : 5675 ms
./20-2-proc.log : 5886 ms
./20-6-proc.log : 6042 ms
./20-3-proc.log : 6083 ms
./20-10-proc.log : 6212 ms
./20-7-proc.log : 6219 ms
./20-14-proc.log : 6421 ms
./20-11-proc.log : 6424 ms
./20-18-proc.log : 6590 ms
./20-15-proc.log : 6599 ms
./20-1-proc.log : 6635 ms
nproc = 20 end --> 6635ms
wong@wong-virtual-machine:~/Linux_System_Program/1-2-1-3.multi-core-scheduling$ 

