wong@wong-virtual-machine:~/Linux_System_Program/1-2-1-3.multi-core-scheduling$ taskset -c 0,1,2,3 ./a.out 20 1000 10
SCHED_OTHER = 0
SCHED_FIFO = 1
SCHED_RR = 2
Begin ==> estimate work load per slice...
End ==> g_load_per_slice = 17742620
nproc = 1 begin
total = 1000
slice = 10
./1-0-proc.log : 613 ms
nproc = 1 end --> 614ms
nproc = 2 begin
total = 1000
slice = 10
./2-0-proc.log : 626 ms
./2-1-proc.log : 631 ms
nproc = 2 end --> 632ms
nproc = 3 begin
total = 1000
slice = 10
./3-2-proc.log : 644 ms
./3-0-proc.log : 683 ms
./3-1-proc.log : 684 ms
nproc = 3 end --> 684ms
nproc = 4 begin
total = 1000
slice = 10
./4-0-proc.log : 624 ms
./4-3-proc.log : 626 ms
./4-1-proc.log : 635 ms
./4-2-proc.log : 641 ms
nproc = 4 end --> 642ms
nproc = 5 begin
total = 1000
slice = 10
./5-2-proc.log : 643 ms
./5-0-proc.log : 668 ms
./5-1-proc.log : 674 ms
./5-3-proc.log : 876 ms
./5-4-proc.log : 1022 ms
nproc = 5 end --> 1022ms
nproc = 6 begin
total = 1000
slice = 10
./6-1-proc.log : 616 ms
./6-0-proc.log : 616 ms
./6-2-proc.log : 670 ms
./6-3-proc.log : 1003 ms
./6-4-proc.log : 1063 ms
./6-5-proc.log : 1112 ms
nproc = 6 end --> 1113ms
nproc = 7 begin
total = 1000
slice = 10
./7-1-proc.log : 618 ms
./7-0-proc.log : 618 ms
./7-2-proc.log : 629 ms
./7-3-proc.log : 972 ms
./7-4-proc.log : 1070 ms
./7-5-proc.log : 1142 ms
./7-6-proc.log : 1252 ms
nproc = 7 end --> 1253ms
nproc = 8 begin
total = 1000
slice = 10
./8-0-proc.log : 622 ms
./8-1-proc.log : 623 ms
./8-2-proc.log : 635 ms
./8-3-proc.log : 1039 ms
./8-4-proc.log : 1153 ms
./8-6-proc.log : 1245 ms
./8-7-proc.log : 1298 ms
./8-5-proc.log : 1363 ms
nproc = 8 end --> 1364ms
nproc = 9 begin
total = 1000
slice = 10
./9-0-proc.log : 620 ms
./9-1-proc.log : 621 ms
./9-2-proc.log : 653 ms
./9-6-proc.log : 1242 ms
./9-7-proc.log : 1245 ms
./9-8-proc.log : 1335 ms
./9-3-proc.log : 1390 ms
./9-4-proc.log : 1445 ms
./9-5-proc.log : 1664 ms
nproc = 9 end --> 1664ms
nproc = 10 begin
total = 1000
slice = 10
./10-0-proc.log : 619 ms
./10-1-proc.log : 621 ms
./10-2-proc.log : 625 ms
./10-6-proc.log : 1244 ms
./10-7-proc.log : 1248 ms
./10-8-proc.log : 1281 ms
./10-3-proc.log : 1400 ms
./10-5-proc.log : 1601 ms
./10-4-proc.log : 1679 ms
./10-9-proc.log : 1691 ms
nproc = 10 end --> 1692ms
nproc = 11 begin
total = 1000
slice = 10
./11-0-proc.log : 630 ms
./11-2-proc.log : 631 ms
./11-1-proc.log : 631 ms
./11-6-proc.log : 1283 ms
./11-8-proc.log : 1309 ms
./11-7-proc.log : 1326 ms
./11-4-proc.log : 1635 ms
./11-9-proc.log : 1698 ms
./11-5-proc.log : 1705 ms
./11-3-proc.log : 1746 ms
./11-10-proc.log : 1909 ms
nproc = 11 end --> 1909ms
nproc = 12 begin
total = 1000
slice = 10
./12-1-proc.log : 626 ms
./12-0-proc.log : 627 ms
./12-2-proc.log : 686 ms
./12-6-proc.log : 1294 ms
./12-7-proc.log : 1309 ms
./12-8-proc.log : 1349 ms
./12-3-proc.log : 1688 ms
./12-4-proc.log : 1690 ms
./12-5-proc.log : 1767 ms
./12-9-proc.log : 1854 ms
./12-11-proc.log : 2130 ms
./12-10-proc.log : 2137 ms
nproc = 12 end --> 2137ms
nproc = 13 begin
total = 1000
slice = 10
./13-0-proc.log : 636 ms
./13-1-proc.log : 648 ms
./13-2-proc.log : 649 ms
./13-8-proc.log : 1283 ms
./13-6-proc.log : 1318 ms
./13-7-proc.log : 1332 ms
./13-4-proc.log : 1692 ms
./13-3-proc.log : 1726 ms
./13-12-proc.log : 1970 ms
./13-5-proc.log : 2066 ms
./13-10-proc.log : 2105 ms
./13-9-proc.log : 2186 ms
./13-11-proc.log : 2194 ms
nproc = 13 end --> 2194ms
nproc = 14 begin
total = 1000
slice = 10
./14-1-proc.log : 625 ms
./14-0-proc.log : 648 ms
./14-2-proc.log : 653 ms
./14-6-proc.log : 1251 ms
./14-8-proc.log : 1295 ms
./14-7-proc.log : 1327 ms
./14-3-proc.log : 1778 ms
./14-12-proc.log : 1919 ms
./14-13-proc.log : 1963 ms
./14-4-proc.log : 2135 ms
./14-9-proc.log : 2141 ms
./14-5-proc.log : 2283 ms
./14-11-proc.log : 2298 ms
./14-10-proc.log : 2316 ms
nproc = 14 end --> 2317ms
nproc = 15 begin
total = 1000
slice = 10
./15-2-proc.log : 637 ms
./15-0-proc.log : 652 ms
./15-1-proc.log : 675 ms
./15-6-proc.log : 1271 ms
./15-7-proc.log : 1275 ms
./15-8-proc.log : 1297 ms
./15-13-proc.log : 1954 ms
./15-12-proc.log : 1960 ms
./15-14-proc.log : 1984 ms
./15-3-proc.log : 2313 ms
./15-10-proc.log : 2344 ms
./15-9-proc.log : 2353 ms
./15-11-proc.log : 2358 ms
./15-5-proc.log : 2521 ms
./15-4-proc.log : 2566 ms
nproc = 15 end --> 2566ms
nproc = 16 begin
total = 1000
slice = 10
./16-0-proc.log : 629 ms
./16-1-proc.log : 629 ms
./16-2-proc.log : 630 ms
./16-7-proc.log : 1256 ms
./16-8-proc.log : 1264 ms
./16-6-proc.log : 1312 ms
./16-11-proc.log : 1931 ms
./16-13-proc.log : 1932 ms
./16-14-proc.log : 1984 ms
./16-4-proc.log : 2274 ms
./16-5-proc.log : 2321 ms
./16-9-proc.log : 2362 ms
./16-3-proc.log : 2462 ms
./16-10-proc.log : 2510 ms
./16-12-proc.log : 2657 ms
./16-15-proc.log : 2659 ms
nproc = 16 end --> 2659ms
nproc = 17 begin
total = 1000
slice = 10
./17-0-proc.log : 633 ms
./17-1-proc.log : 670 ms
./17-2-proc.log : 680 ms
./17-6-proc.log : 1310 ms
./17-8-proc.log : 1340 ms
./17-7-proc.log : 1348 ms
./17-12-proc.log : 1939 ms
./17-13-proc.log : 1968 ms
./17-14-proc.log : 1979 ms
./17-3-proc.log : 2376 ms
./17-4-proc.log : 2393 ms
./17-9-proc.log : 2414 ms
./17-5-proc.log : 2670 ms
./17-15-proc.log : 2754 ms
./17-10-proc.log : 2791 ms
./17-11-proc.log : 2810 ms
./17-16-proc.log : 2824 ms
nproc = 17 end --> 2824ms
nproc = 18 begin
total = 1000
slice = 10
./18-2-proc.log : 649 ms
./18-0-proc.log : 667 ms
./18-1-proc.log : 682 ms
./18-6-proc.log : 1273 ms
./18-7-proc.log : 1289 ms
./18-8-proc.log : 1305 ms
./18-12-proc.log : 1941 ms
./18-13-proc.log : 1957 ms
./18-14-proc.log : 1974 ms
./18-3-proc.log : 2410 ms
./18-5-proc.log : 2422 ms
./18-17-proc.log : 2626 ms
./18-10-proc.log : 2802 ms
./18-11-proc.log : 2803 ms
./18-4-proc.log : 2885 ms
./18-9-proc.log : 2920 ms
./18-16-proc.log : 2981 ms
./18-15-proc.log : 2984 ms
nproc = 18 end --> 2984ms
nproc = 19 begin
total = 1000
slice = 10
./19-0-proc.log : 624 ms
./19-1-proc.log : 673 ms
./19-2-proc.log : 677 ms
./19-10-proc.log : 1245 ms
./19-11-proc.log : 1306 ms
./19-12-proc.log : 1313 ms
./19-3-proc.log : 1828 ms
./19-5-proc.log : 1903 ms
./19-6-proc.log : 1913 ms
./19-13-proc.log : 2396 ms
./19-15-proc.log : 2482 ms
./19-16-proc.log : 2485 ms
./19-8-proc.log : 2822 ms
./19-14-proc.log : 2909 ms
./19-17-proc.log : 2917 ms
./19-4-proc.log : 3046 ms
./19-9-proc.log : 3091 ms
./19-18-proc.log : 3163 ms
./19-7-proc.log : 3166 ms
nproc = 19 end --> 3166ms
nproc = 20 begin
total = 1000
slice = 10
./20-2-proc.log : 633 ms
./20-0-proc.log : 670 ms
./20-1-proc.log : 675 ms
./20-6-proc.log : 1303 ms
./20-8-proc.log : 1345 ms
./20-7-proc.log : 1353 ms
./20-12-proc.log : 1940 ms
./20-13-proc.log : 1978 ms
./20-14-proc.log : 2004 ms
./20-3-proc.log : 2470 ms
./20-17-proc.log : 2635 ms
./20-19-proc.log : 2650 ms
./20-5-proc.log : 2856 ms
./20-10-proc.log : 3022 ms
./20-11-proc.log : 3036 ms
./20-4-proc.log : 3217 ms
./20-9-proc.log : 3226 ms
./20-16-proc.log : 3276 ms
./20-15-proc.log : 3348 ms
./20-18-proc.log : 3440 ms
nproc = 20 end --> 3440ms
wong@wong-virtual-machine:~/Linux_System_Program/1-2-1-3.multi-core-scheduling$ 

